2017-10-09 10:44:12,653 ERROR [Log] Error found > Please check the screenshot in : 
C:\Users\james.marturillas\Documents\automation\b2b\ui\b2b-QAAutomation\src\test\java\com\b2b\automation\reports\screenshots\TC18 17-10-09 10.44.12.png 
2017-10-09 10:49:26,743 ERROR [Log] Error found > Please check the screenshot in : 
C:\Users\james.marturillas\Documents\automation\b2b\ui\b2b-QAAutomation\src\test\java\com\b2b\automation\reports\screenshots\TC1817-10-09 10.49.26.png 
2017-10-09 10:52:00,158 ERROR [Log] Error found > Please check the screenshot in : 
C:\Users\james.marturillas\Documents\automation\b2b\ui\b2b-QAAutomation\src\test\java\com\b2b\automation\reports\screenshots\TC1817-10-09 10.51.59.png 
2017-10-09 10:54:20,613 ERROR [Log] Error found > Please check the screenshot in : 
C:\Users\james.marturillas\Documents\automation\b2b\ui\b2b-QAAutomation\src\test\java\com\b2b\automation\reports\screenshots\TC1817-10-09 10.54.20.png 
2017-10-09 11:57:43,098 ERROR [Log] Error found > Please check the screenshot in : 
C:\Users\james.marturillas\Documents\automation\b2b\ui\b2b-QAAutomation\src\test\java\com\b2b\automation\reports\screenshots\TC18_17-10-09 11.57.42.png 
2017-10-09 11:59:47,143 ERROR [Log] Error found > Please check the screenshot in : 
C:\Users\james.marturillas\Documents\automation\b2b\ui\b2b-QAAutomation\src\test\java\com\b2b\automation\reports\screenshots\TC18_17-10-09_11.59.46.png 
2017-10-09 12:03:00,592 ERROR [Log] Error found > Please check the screenshot in : 
C:\Users\james.marturillas\Documents\automation\b2b\ui\b2b-QAAutomation\src\test\java\com\b2b\automation\reports\screenshots\TC18_17-10-09_12.03.00.png 
2017-10-09 12:35:04,754 ERROR [Log] Error found > Please check the screenshot in : 
C:\Users\james.marturillas\Documents\automation\b2b\ui\b2b-QAAutomation\src\test\java\com\b2b\automation\reports\screenshots\TC18_17-10-09_12.35.04.png 
2017-10-09 12:40:23,092 ERROR [Log] Error found > Please check the screenshot in : 
C:\Users\james.marturillas\Documents\automation\b2b\ui\b2b-QAAutomation\src\test\java\com\b2b\automation\reports\screenshots\TC18_17-10-09_12.40.22.png 
2017-10-09 12:48:01,960 ERROR [Log] Error found > Please check the screenshot in : 
C:\Users\james.marturillas\Documents\automation\b2b\ui\b2b-QAAutomation\src\test\java\com\b2b\automation\reports\screenshots\TC18_17-10-09_12.48.01.png 
2017-10-09 12:52:42,150 ERROR [Log] Error found > Please check the screenshot in : 
C:\Users\james.marturillas\Documents\automation\b2b\ui\b2b-QAAutomation\src\test\java\com\b2b\automation\reports\screenshots\TC18_17-10-09_12.52.41.png 
2017-10-09 12:59:36,202 ERROR [Log] Error found > Please check the screenshot in : 
C:\Users\james.marturillas\Documents\automation\b2b\ui\b2b-QAAutomation\src\test\java\com\b2b\automation\reports\screenshots\TC18_17-10-09_12.59.35.png 
2017-10-09 13:02:39,278 ERROR [Log] Error found > Please check the screenshot in : 
C:\Users\james.marturillas\Documents\automation\b2b\ui\b2b-QAAutomation\src\test\java\com\b2b\automation\reports\screenshots\TC18_17-10-09_13.02.38.png 
2017-10-09 13:06:33,205 ERROR [Log] Error found > Please check the screenshot in : 
C:\Users\james.marturillas\Documents\automation\b2b\ui\b2b-QAAutomation\src\test\java\com\b2b\automation\reports\screenshots\TC18_17-10-09_13.06.33.png 
2017-10-09 13:08:31,493 ERROR [Log] Error found > Please check the screenshot in : 
C:\Users\james.marturillas\Documents\automation\b2b\ui\b2b-QAAutomation\src\test\java\com\b2b\automation\reports\screenshots\TC18_17-10-09_13.08.31.png 
2017-10-09 13:10:19,349 ERROR [Log] Error found > Please check the screenshot in : 
C:\Users\james.marturillas\Documents\automation\b2b\ui\b2b-QAAutomation\src\test\java\com\b2b\automation\reports\screenshots\TC18 17-10-09_13.10.19.png 
2017-10-09 13:35:47,531 ERROR [Log] Error found > Please check the screenshot in : 
C:\Users\james.marturillas\Documents\automation\b2b\ui\b2b-QAAutomation\src\test\java\com\b2b\automation\reports\screenshots\TC18 17-10-09_13.35.47.png 
2017-10-09 15:12:27,768 ERROR [Log] Error found > Please check the screenshot in : 
C:\Users\james.marturillas\Documents\automation\b2b\ui\b2b-QAAutomation\src\test\java\com\b2b\automation\reports\screenshots\TC18 17-10-09_15.12.27.png 
